<?xml version="1.0" encoding="UTF-8"?>
<testng-results ignored="0" total="1" passed="1" failed="0" skipped="0">
  <reporter-output>
  </reporter-output>
  <suite started-at="2025-11-11T11:47:35 IST" name="Selenium Practice Suite" finished-at="2025-11-11T11:47:38 IST" duration-ms="2222">
    <groups>
    </groups>
    <test started-at="2025-11-11T11:47:35 IST" name="Login Test" finished-at="2025-11-11T11:47:38 IST" duration-ms="2222">
      <class name="com.prathmesh.selenium.tests.LoginTest">
        <test-method is-config="true" signature="setupReports()[pri:0, instance:com.prathmesh.selenium.tests.LoginTest@387a8303]" started-at="2025-11-11T11:47:35 IST" name="setupReports" finished-at="2025-11-11T11:47:35 IST" duration-ms="69" status="PASS">
          <reporter-output>
          </reporter-output>
        </test-method> <!-- setupReports -->
        <test-method is-config="true" signature="setup()[pri:0, instance:com.prathmesh.selenium.tests.LoginTest@387a8303]" started-at="2025-11-11T11:47:35 IST" name="setup" finished-at="2025-11-11T11:47:37 IST" duration-ms="1930" status="PASS">
          <reporter-output>
          </reporter-output>
        </test-method> <!-- setup -->
        <test-method is-config="true" signature="startLogging(java.lang.reflect.Method)[pri:0, instance:com.prathmesh.selenium.tests.LoginTest@387a8303]" started-at="2025-11-11T11:47:37 IST" name="startLogging" finished-at="2025-11-11T11:47:37 IST" duration-ms="3" status="PASS">
          <params>
            <param index="0">
              <value>
                <![CDATA[public void com.prathmesh.selenium.tests.LoginTest.Loginintoapplication()]]>
              </value>
            </param>
          </params>
          <reporter-output>
          </reporter-output>
        </test-method> <!-- startLogging -->
        <test-method signature="Loginintoapplication()[pri:0, instance:com.prathmesh.selenium.tests.LoginTest@387a8303]" started-at="2025-11-11T11:47:37 IST" name="Loginintoapplication" finished-at="2025-11-11T11:47:38 IST" duration-ms="172" status="PASS">
          <reporter-output>
          </reporter-output>
        </test-method> <!-- Loginintoapplication -->
        <test-method is-config="true" signature="logResults(org.testng.ITestResult)[pri:0, instance:com.prathmesh.selenium.tests.LoginTest@387a8303]" started-at="2025-11-11T11:47:38 IST" name="logResults" finished-at="2025-11-11T11:47:38 IST" duration-ms="2" status="PASS">
          <params>
            <param index="0">
              <value>
                <![CDATA[[TestResult name=Loginintoapplication status=SUCCESS method=LoginTest.Loginintoapplication()[pri:0, instance:com.prathmesh.selenium.tests.LoginTest@387a8303] output={null}]]]>
              </value>
            </param>
          </params>
          <reporter-output>
          </reporter-output>
        </test-method> <!-- logResults -->
        <test-method is-config="true" signature="teardown()[pri:0, instance:com.prathmesh.selenium.tests.LoginTest@387a8303]" started-at="2025-11-11T11:47:38 IST" name="teardown" finished-at="2025-11-11T11:47:38 IST" duration-ms="105" status="PASS">
          <reporter-output>
          </reporter-output>
        </test-method> <!-- teardown -->
        <test-method is-config="true" signature="tearDownReport()[pri:0, instance:com.prathmesh.selenium.tests.LoginTest@387a8303]" started-at="2025-11-11T11:47:38 IST" name="tearDownReport" finished-at="2025-11-11T11:47:38 IST" duration-ms="116" status="PASS">
          <reporter-output>
          </reporter-output>
        </test-method> <!-- tearDownReport -->
      </class> <!-- com.prathmesh.selenium.tests.LoginTest -->
    </test> <!-- Login Test -->
  </suite> <!-- Selenium Practice Suite -->
</testng-results>
