<?xml version="1.0" encoding="UTF-8"?>
<testng-results ignored="0" total="1" passed="1" failed="0" skipped="0">
  <reporter-output>
  </reporter-output>
  <suite started-at="2025-11-10T11:21:56 IST" name="Selenium Practice Suite" finished-at="2025-11-10T11:22:01 IST" duration-ms="5140">
    <groups>
    </groups>
    <test started-at="2025-11-10T11:21:56 IST" name="Login Test" finished-at="2025-11-10T11:22:01 IST" duration-ms="5140">
      <class name="com.prathmesh.selenium.tests.LoginTest">
        <test-method is-config="true" signature="setupReports()[pri:0, instance:com.prathmesh.selenium.tests.LoginTest@5340477f]" started-at="2025-11-10T11:21:56 IST" name="setupReports" finished-at="2025-11-10T11:21:56 IST" duration-ms="77" status="PASS">
          <reporter-output>
          </reporter-output>
        </test-method> <!-- setupReports -->
        <test-method is-config="true" signature="setup(java.lang.reflect.Method)[pri:0, instance:com.prathmesh.selenium.tests.LoginTest@5340477f]" started-at="2025-11-10T11:21:56 IST" name="setup" finished-at="2025-11-10T11:22:01 IST" duration-ms="4491" status="PASS">
          <params>
            <param index="0">
              <value>
                <![CDATA[public void com.prathmesh.selenium.tests.LoginTest.Loginintoapplication()]]>
              </value>
            </param>
          </params>
          <reporter-output>
          </reporter-output>
        </test-method> <!-- setup -->
        <test-method signature="Loginintoapplication()[pri:0, instance:com.prathmesh.selenium.tests.LoginTest@5340477f]" started-at="2025-11-10T11:22:01 IST" name="Loginintoapplication" finished-at="2025-11-10T11:22:01 IST" duration-ms="532" status="PASS">
          <reporter-output>
          </reporter-output>
        </test-method> <!-- Loginintoapplication -->
        <test-method is-config="true" signature="teardown(org.testng.ITestResult)[pri:0, instance:com.prathmesh.selenium.tests.LoginTest@5340477f]" started-at="2025-11-10T11:22:01 IST" name="teardown" finished-at="2025-11-10T11:22:01 IST" duration-ms="106" status="PASS">
          <params>
            <param index="0">
              <value>
                <![CDATA[[TestResult name=Loginintoapplication status=SUCCESS method=LoginTest.Loginintoapplication()[pri:0, instance:com.prathmesh.selenium.tests.LoginTest@5340477f] output={null}]]]>
              </value>
            </param>
          </params>
          <reporter-output>
          </reporter-output>
        </test-method> <!-- teardown -->
        <test-method is-config="true" signature="tearDownReport()[pri:0, instance:com.prathmesh.selenium.tests.LoginTest@5340477f]" started-at="2025-11-10T11:22:01 IST" name="tearDownReport" finished-at="2025-11-10T11:22:02 IST" duration-ms="130" status="PASS">
          <reporter-output>
          </reporter-output>
        </test-method> <!-- tearDownReport -->
      </class> <!-- com.prathmesh.selenium.tests.LoginTest -->
    </test> <!-- Login Test -->
  </suite> <!-- Selenium Practice Suite -->
</testng-results>
