<?xml version="1.0" encoding="UTF-8"?>
<testng-results ignored="0" total="1" passed="1" failed="0" skipped="0">
  <reporter-output>
  </reporter-output>
  <suite started-at="2025-10-30T13:41:24 IST" name="Selenium Practice Suite" finished-at="2025-10-30T13:41:48 IST" duration-ms="23884">
    <groups>
    </groups>
    <test started-at="2025-10-30T13:41:24 IST" name="Login Test" finished-at="2025-10-30T13:41:48 IST" duration-ms="23884">
      <class name="prathmesh.LoginTest">
        <test-method is-config="true" signature="setup()[pri:0, instance:prathmesh.LoginTest@34a3d150]" started-at="2025-10-30T13:41:24 IST" name="setup" finished-at="2025-10-30T13:41:47 IST" duration-ms="22738" status="PASS">
          <reporter-output>
          </reporter-output>
        </test-method> <!-- setup -->
        <test-method signature="Loginintoapplication()[pri:0, instance:prathmesh.LoginTest@34a3d150]" started-at="2025-10-30T13:41:47 IST" name="Loginintoapplication" finished-at="2025-10-30T13:41:48 IST" duration-ms="681" status="PASS">
          <reporter-output>
          </reporter-output>
        </test-method> <!-- Loginintoapplication -->
        <test-method is-config="true" signature="teardown()[pri:0, instance:prathmesh.LoginTest@34a3d150]" started-at="2025-10-30T13:41:48 IST" name="teardown" finished-at="2025-10-30T13:41:48 IST" duration-ms="380" status="PASS">
          <reporter-output>
          </reporter-output>
        </test-method> <!-- teardown -->
      </class> <!-- prathmesh.LoginTest -->
    </test> <!-- Login Test -->
  </suite> <!-- Selenium Practice Suite -->
</testng-results>
