<?xml version="1.0" encoding="UTF-8"?>
<testng-results ignored="0" total="1" passed="1" failed="0" skipped="0">
  <reporter-output>
  </reporter-output>
  <suite started-at="2025-11-01T13:06:52 IST" name="Default suite" finished-at="2025-11-01T13:07:04 IST" duration-ms="11947">
    <groups>
    </groups>
    <test started-at="2025-11-01T13:06:52 IST" name="Default test" finished-at="2025-11-01T13:07:04 IST" duration-ms="11947">
      <class name="prathmesh.LoginTest">
        <test-method is-config="true" signature="setup()[pri:0, instance:prathmesh.LoginTest@3023df74]" started-at="2025-11-01T13:06:52 IST" name="setup" finished-at="2025-11-01T13:07:04 IST" duration-ms="11295" status="PASS">
          <reporter-output>
          </reporter-output>
        </test-method> <!-- setup -->
        <test-method signature="Loginintoapplication()[pri:0, instance:prathmesh.LoginTest@3023df74]" started-at="2025-11-01T13:07:04 IST" name="Loginintoapplication" finished-at="2025-11-01T13:07:04 IST" duration-ms="366" status="PASS">
          <reporter-output>
          </reporter-output>
        </test-method> <!-- Loginintoapplication -->
        <test-method is-config="true" signature="teardown()[pri:0, instance:prathmesh.LoginTest@3023df74]" started-at="2025-11-01T13:07:04 IST" name="teardown" finished-at="2025-11-01T13:07:04 IST" duration-ms="229" status="PASS">
          <reporter-output>
          </reporter-output>
        </test-method> <!-- teardown -->
      </class> <!-- prathmesh.LoginTest -->
    </test> <!-- Default test -->
  </suite> <!-- Default suite -->
</testng-results>
